f:\biaoji unify version_64\makefile\hymeterrecog_win32\release\saliencydetect.obj
f:\biaoji unify version_64\makefile\hymeterrecog_win32\release\vc100.pdb
f:\biaoji unify version_64\makefile\hymeterrecog_win32\release\liwatermark.obj
f:\biaoji unify version_64\makefile\hymeterrecog_win32\release\liintegral.obj
f:\biaoji unify version_64\makefile\hymeterrecog_win32\release\liimage.obj
f:\biaoji unify version_64\makefile\hymeterrecog_win32\release\lichannel.obj
f:\biaoji unify version_64\makefile\hymeterrecog_win32\release\liblock.obj
f:\biaoji unify version_64\makefile\hymeterrecog_win32\release\hisi.obj
f:\biaoji unify version_64\makefile\hymeterrecog_win32\release\gradient.obj
f:\biaoji unify version_64\makefile\hymeterrecog_win32\release\haarresponse.obj
f:\biaoji unify version_64\makefile\hymeterrecog_win32\release\symtrans.obj
f:\biaoji unify version_64\makefile\hymeterrecog_win32\release\ncc.obj
f:\biaoji unify version_64\makefile\hymeterrecog_win32\release\liresize.obj
f:\biaoji unify version_64\makefile\hymeterrecog_win32\release\liedge.obj
f:\biaoji unify version_64\makefile\hymeterrecog_win32\release\blobfilter.obj
f:\biaoji unify version_64\makefile\hymeterrecog_win32\release\bbgeometry.obj
f:\biaoji unify version_64\makefile\hymeterrecog_win32\release\snake.obj
f:\biaoji unify version_64\makefile\hymeterrecog_win32\release\version.obj
f:\biaoji unify version_64\makefile\hymeterrecog_win32\release\wyvafunc.obj
f:\biaoji unify version_64\makefile\hymeterrecog_win32\release\wymatchrigidbodyif.obj
f:\biaoji unify version_64\makefile\hymeterrecog_win32\release\wymatchrigidbody.obj
f:\biaoji unify version_64\makefile\hymeterrecog_win32\release\hy_meterreg.obj
f:\biaoji unify version_64\makefile\hymeterrecog_win32\release\matchrigidbody.obj
f:\biaoji unify version_64\makefile\hymeterrecog_win32\release\limask.obj
f:\biaoji unify version_64\makefile\hymeterrecog_win32\release\facemask.obj
f:\biaoji unify version_64\makefile\hymeterrecog_win32\release\lirgb_yuv.obj
f:\biaoji unify version_64\makefile\hymeterrecog_win32\release\liimgfmttrans.obj
f:\biaoji unify version_64\makefile\hymeterrecog_win32\release\litimer.obj
f:\biaoji unify version_64\makefile\hymeterrecog_win32\release\lisort.obj
f:\biaoji unify version_64\makefile\hymeterrecog_win32\release\limem.obj
f:\biaoji unify version_64\makefile\hymeterrecog_win32\release\lidebug.obj
f:\biaoji unify version_64\makefile\hymeterrecog_win32\release\sort.obj
f:\biaoji unify version_64\makefile\hymeterrecog_win32\release\hough.obj
f:\biaoji unify version_64\makefile\hymeterrecog_win32\release\rotateblock.obj
f:\biaoji unify version_64\makefile\hymeterrecog_win32\release\resample.obj
f:\biaoji unify version_64\lib\win32\hymeterrecog.lib
e:\whayercode\recogbyyolo\biaoji unify version_64\makefile\hymeterrecog_win32\release\hymeterrecog.vcxprojresolveassemblyreference.cache
e:\whayercode\recogbyyolo\biaoji unify version_64\makefile\hymeterrecog_win32\release\bbgeometry.obj
e:\whayercode\recogbyyolo\biaoji unify version_64\makefile\hymeterrecog_win32\release\blobfilter.obj
e:\whayercode\recogbyyolo\biaoji unify version_64\makefile\hymeterrecog_win32\release\facemask.obj
e:\whayercode\recogbyyolo\biaoji unify version_64\makefile\hymeterrecog_win32\release\gradient.obj
e:\whayercode\recogbyyolo\biaoji unify version_64\makefile\hymeterrecog_win32\release\haarresponse.obj
e:\whayercode\recogbyyolo\biaoji unify version_64\makefile\hymeterrecog_win32\release\hisi.obj
e:\whayercode\recogbyyolo\biaoji unify version_64\makefile\hymeterrecog_win32\release\hough.obj
e:\whayercode\recogbyyolo\biaoji unify version_64\makefile\hymeterrecog_win32\release\hy_meterreg.obj
e:\whayercode\recogbyyolo\biaoji unify version_64\makefile\hymeterrecog_win32\release\liblock.obj
e:\whayercode\recogbyyolo\biaoji unify version_64\makefile\hymeterrecog_win32\release\lichannel.obj
e:\whayercode\recogbyyolo\biaoji unify version_64\makefile\hymeterrecog_win32\release\lidebug.obj
e:\whayercode\recogbyyolo\biaoji unify version_64\makefile\hymeterrecog_win32\release\liedge.obj
e:\whayercode\recogbyyolo\biaoji unify version_64\makefile\hymeterrecog_win32\release\liimage.obj
e:\whayercode\recogbyyolo\biaoji unify version_64\makefile\hymeterrecog_win32\release\liimgfmttrans.obj
e:\whayercode\recogbyyolo\biaoji unify version_64\makefile\hymeterrecog_win32\release\liintegral.obj
e:\whayercode\recogbyyolo\biaoji unify version_64\makefile\hymeterrecog_win32\release\limask.obj
e:\whayercode\recogbyyolo\biaoji unify version_64\makefile\hymeterrecog_win32\release\limem.obj
e:\whayercode\recogbyyolo\biaoji unify version_64\makefile\hymeterrecog_win32\release\liresize.obj
e:\whayercode\recogbyyolo\biaoji unify version_64\makefile\hymeterrecog_win32\release\lirgb_yuv.obj
e:\whayercode\recogbyyolo\biaoji unify version_64\makefile\hymeterrecog_win32\release\lisort.obj
e:\whayercode\recogbyyolo\biaoji unify version_64\makefile\hymeterrecog_win32\release\litimer.obj
e:\whayercode\recogbyyolo\biaoji unify version_64\makefile\hymeterrecog_win32\release\liwatermark.obj
e:\whayercode\recogbyyolo\biaoji unify version_64\makefile\hymeterrecog_win32\release\matchrigidbody.obj
e:\whayercode\recogbyyolo\biaoji unify version_64\makefile\hymeterrecog_win32\release\ncc.obj
e:\whayercode\recogbyyolo\biaoji unify version_64\makefile\hymeterrecog_win32\release\resample.obj
e:\whayercode\recogbyyolo\biaoji unify version_64\makefile\hymeterrecog_win32\release\rotateblock.obj
e:\whayercode\recogbyyolo\biaoji unify version_64\makefile\hymeterrecog_win32\release\saliencydetect.obj
e:\whayercode\recogbyyolo\biaoji unify version_64\makefile\hymeterrecog_win32\release\snake.obj
e:\whayercode\recogbyyolo\biaoji unify version_64\makefile\hymeterrecog_win32\release\sort.obj
e:\whayercode\recogbyyolo\biaoji unify version_64\makefile\hymeterrecog_win32\release\symtrans.obj
e:\whayercode\recogbyyolo\biaoji unify version_64\makefile\hymeterrecog_win32\release\version.obj
e:\whayercode\recogbyyolo\biaoji unify version_64\makefile\hymeterrecog_win32\release\wymatchrigidbody.obj
e:\whayercode\recogbyyolo\biaoji unify version_64\makefile\hymeterrecog_win32\release\wymatchrigidbodyif.obj
e:\whayercode\recogbyyolo\biaoji unify version_64\makefile\hymeterrecog_win32\release\wyvafunc.obj
e:\whayercode\recogbyyolo\biaoji unify version_64\makefile\hymeterrecog_win32\release\cl.command.1.tlog
e:\whayercode\recogbyyolo\biaoji unify version_64\makefile\hymeterrecog_win32\release\cl.read.1.tlog
e:\whayercode\recogbyyolo\biaoji unify version_64\makefile\hymeterrecog_win32\release\cl.write.1.tlog
e:\whayercode\recogbyyolo\biaoji unify version_64\makefile\hymeterrecog_win32\release\hymeterrecog.write.1.tlog
e:\whayercode\recogbyyolo\biaoji unify version_64\makefile\hymeterrecog_win32\release\lib-link.read.1.tlog
e:\whayercode\recogbyyolo\biaoji unify version_64\makefile\hymeterrecog_win32\release\lib-link.write.1.tlog
e:\whayercode\recogbyyolo\biaoji unify version_64\makefile\hymeterrecog_win32\release\lib.command.1.tlog
e:\whayercode\recogbyyolo\biaoji unify version_64\makefile\hymeterrecog_win32\release\vc100.pdb
