E:\biaoji Unify version\makefile\HYMeterRecogV2\Debug\cl.command.1.tlog
E:\biaoji Unify version\makefile\HYMeterRecogV2\Debug\CL.read.1.tlog
E:\biaoji Unify version\makefile\HYMeterRecogV2\Debug\CL.write.1.tlog
E:\BIAOJI UNIFY VERSION\MAKEFILE\HYMETERRECOGV2\DEBUG\HY_METERRECOGV2.OBJ
E:\BIAOJI UNIFY VERSION\MAKEFILE\HYMETERRECOGV2\DEBUG\HYMETERRECOGV2.DLL.EMBED.MANIFEST
E:\BIAOJI UNIFY VERSION\MAKEFILE\HYMETERRECOGV2\DEBUG\HYMETERRECOGV2.DLL.EMBED.MANIFEST.RES
E:\BIAOJI UNIFY VERSION\MAKEFILE\HYMETERRECOGV2\DEBUG\HYMETERRECOGV2.DLL.INTERMEDIATE.MANIFEST
E:\biaoji Unify version\makefile\HYMeterRecogV2\Debug\HYMeterRecogV2.write.1.tlog
E:\biaoji Unify version\makefile\HYMeterRecogV2\Debug\HYMeterRecogV2_manifest.rc
E:\biaoji Unify version\makefile\HYMeterRecogV2\Debug\link.10488.read.1.tlog
E:\biaoji Unify version\makefile\HYMeterRecogV2\Debug\link.10488.write.1.tlog
E:\biaoji Unify version\makefile\HYMeterRecogV2\Debug\link.10488-cvtres.read.1.tlog
E:\biaoji Unify version\makefile\HYMeterRecogV2\Debug\link.10488-cvtres.write.1.tlog
E:\biaoji Unify version\makefile\HYMeterRecogV2\Debug\link.5912.read.1.tlog
E:\biaoji Unify version\makefile\HYMeterRecogV2\Debug\link.5912.write.1.tlog
E:\biaoji Unify version\makefile\HYMeterRecogV2\Debug\link.5912-cvtres.read.1.tlog
E:\biaoji Unify version\makefile\HYMeterRecogV2\Debug\link.5912-cvtres.write.1.tlog
E:\biaoji Unify version\makefile\HYMeterRecogV2\Debug\link.command.1.tlog
E:\biaoji Unify version\makefile\HYMeterRecogV2\Debug\link.read.1.tlog
E:\biaoji Unify version\makefile\HYMeterRecogV2\Debug\link.write.1.tlog
E:\biaoji Unify version\makefile\HYMeterRecogV2\Debug\mt.command.1.tlog
E:\biaoji Unify version\makefile\HYMeterRecogV2\Debug\mt.read.1.tlog
E:\biaoji Unify version\makefile\HYMeterRecogV2\Debug\mt.write.1.tlog
E:\biaoji Unify version\makefile\HYMeterRecogV2\Debug\rc.command.1.tlog
E:\biaoji Unify version\makefile\HYMeterRecogV2\Debug\rc.read.1.tlog
E:\biaoji Unify version\makefile\HYMeterRecogV2\Debug\rc.write.1.tlog
E:\biaoji Unify version\makefile\HYMeterRecogV2\Debug\vc100.idb
E:\BIAOJI UNIFY VERSION\MAKEFILE\HYMETERRECOGV2\DEBUG\VC100.PDB
E:\BIAOJI UNIFY VERSION\TESTBED\TESTBED_WIN32\DEBUG\HYMETERRECOGV2.DLL
E:\biaoji Unify version\testbed\testbed_win32\Debug\HYMeterRecogV2.exp
E:\BIAOJI UNIFY VERSION\TESTBED\TESTBED_WIN32\DEBUG\HYMETERRECOGV2.ILK
E:\biaoji Unify version\testbed\testbed_win32\Debug\HYMeterRecogV2.lib
E:\BIAOJI UNIFY VERSION\TESTBED\TESTBED_WIN32\DEBUG\HYMETERRECOGV2.PDB
