E:\BIAOJI UNIFY VERSION\LIB\WIN32\HYALGORITHM.LIB
E:\BIAOJI UNIFY VERSION\MAKEFILE\HYMETERRECOG_WIN32\DEBUG\BBGEOMETRY.OBJ
E:\BIAOJI UNIFY VERSION\MAKEFILE\HYMETERRECOG_WIN32\DEBUG\BLOBFILTER.OBJ
E:\biaoji Unify version\makefile\HYMeterRecog_win32\Debug\cl.command.1.tlog
E:\biaoji Unify version\makefile\HYMeterRecog_win32\Debug\CL.read.1.tlog
E:\biaoji Unify version\makefile\HYMeterRecog_win32\Debug\CL.write.1.tlog
E:\BIAOJI UNIFY VERSION\MAKEFILE\HYMETERRECOG_WIN32\DEBUG\FACEMASK.OBJ
E:\BIAOJI UNIFY VERSION\MAKEFILE\HYMETERRECOG_WIN32\DEBUG\GRADIENT.OBJ
E:\BIAOJI UNIFY VERSION\MAKEFILE\HYMETERRECOG_WIN32\DEBUG\HAARRESPONSE.OBJ
E:\BIAOJI UNIFY VERSION\MAKEFILE\HYMETERRECOG_WIN32\DEBUG\HISI.OBJ
E:\BIAOJI UNIFY VERSION\MAKEFILE\HYMETERRECOG_WIN32\DEBUG\HOUGH.OBJ
E:\BIAOJI UNIFY VERSION\MAKEFILE\HYMETERRECOG_WIN32\DEBUG\HY_METERREG.OBJ
E:\biaoji Unify version\makefile\HYMeterRecog_win32\Debug\HYMeterRecog.write.1.tlog
E:\biaoji Unify version\makefile\HYMeterRecog_win32\Debug\lib.command.1.tlog
E:\biaoji Unify version\makefile\HYMeterRecog_win32\Debug\Lib-link.read.1.tlog
E:\biaoji Unify version\makefile\HYMeterRecog_win32\Debug\Lib-link.write.1.tlog
E:\BIAOJI UNIFY VERSION\MAKEFILE\HYMETERRECOG_WIN32\DEBUG\LIBLOCK.OBJ
E:\BIAOJI UNIFY VERSION\MAKEFILE\HYMETERRECOG_WIN32\DEBUG\LICHANNEL.OBJ
E:\BIAOJI UNIFY VERSION\MAKEFILE\HYMETERRECOG_WIN32\DEBUG\LIDEBUG.OBJ
E:\BIAOJI UNIFY VERSION\MAKEFILE\HYMETERRECOG_WIN32\DEBUG\LIEDGE.OBJ
E:\BIAOJI UNIFY VERSION\MAKEFILE\HYMETERRECOG_WIN32\DEBUG\LIIMAGE.OBJ
E:\BIAOJI UNIFY VERSION\MAKEFILE\HYMETERRECOG_WIN32\DEBUG\LIIMGFMTTRANS.OBJ
E:\BIAOJI UNIFY VERSION\MAKEFILE\HYMETERRECOG_WIN32\DEBUG\LIINTEGRAL.OBJ
E:\BIAOJI UNIFY VERSION\MAKEFILE\HYMETERRECOG_WIN32\DEBUG\LIMASK.OBJ
E:\BIAOJI UNIFY VERSION\MAKEFILE\HYMETERRECOG_WIN32\DEBUG\LIMEM.OBJ
E:\BIAOJI UNIFY VERSION\MAKEFILE\HYMETERRECOG_WIN32\DEBUG\LIRESIZE.OBJ
E:\BIAOJI UNIFY VERSION\MAKEFILE\HYMETERRECOG_WIN32\DEBUG\LIRGB_YUV.OBJ
E:\BIAOJI UNIFY VERSION\MAKEFILE\HYMETERRECOG_WIN32\DEBUG\LISORT.OBJ
E:\BIAOJI UNIFY VERSION\MAKEFILE\HYMETERRECOG_WIN32\DEBUG\LITIMER.OBJ
E:\BIAOJI UNIFY VERSION\MAKEFILE\HYMETERRECOG_WIN32\DEBUG\LIWATERMARK.OBJ
E:\BIAOJI UNIFY VERSION\MAKEFILE\HYMETERRECOG_WIN32\DEBUG\MATCHRIGIDBODY.OBJ
E:\BIAOJI UNIFY VERSION\MAKEFILE\HYMETERRECOG_WIN32\DEBUG\NCC.OBJ
E:\BIAOJI UNIFY VERSION\MAKEFILE\HYMETERRECOG_WIN32\DEBUG\RESAMPLE.OBJ
E:\BIAOJI UNIFY VERSION\MAKEFILE\HYMETERRECOG_WIN32\DEBUG\ROTATEBLOCK.OBJ
E:\BIAOJI UNIFY VERSION\MAKEFILE\HYMETERRECOG_WIN32\DEBUG\SALIENCYDETECT.OBJ
E:\BIAOJI UNIFY VERSION\MAKEFILE\HYMETERRECOG_WIN32\DEBUG\SNAKE.OBJ
E:\BIAOJI UNIFY VERSION\MAKEFILE\HYMETERRECOG_WIN32\DEBUG\SORT.OBJ
E:\BIAOJI UNIFY VERSION\MAKEFILE\HYMETERRECOG_WIN32\DEBUG\SYMTRANS.OBJ
E:\biaoji Unify version\makefile\HYMeterRecog_win32\Debug\vc100.idb
E:\BIAOJI UNIFY VERSION\MAKEFILE\HYMETERRECOG_WIN32\DEBUG\VC100.PDB
E:\BIAOJI UNIFY VERSION\MAKEFILE\HYMETERRECOG_WIN32\DEBUG\VERSION.OBJ
E:\BIAOJI UNIFY VERSION\MAKEFILE\HYMETERRECOG_WIN32\DEBUG\WYMATCHRIGIDBODY.OBJ
E:\BIAOJI UNIFY VERSION\MAKEFILE\HYMETERRECOG_WIN32\DEBUG\WYMATCHRIGIDBODYIF.OBJ
E:\BIAOJI UNIFY VERSION\MAKEFILE\HYMETERRECOG_WIN32\DEBUG\WYVAFUNC.OBJ
